module: loading 'cuda/12.2.2'
module: cuda: To use: module load gcc/10.2
module: loading 'gcc/10.2'
module: gcc: "Note: loading the gcc module overrides the gcc version on the system.  If you want to revert to the version of gcc provided by the OS, unload the gcc module."
hw4.cu(79): warning #550-D: variable "shared_vector" was set but never used
      __attribute__((shared)) double shared_vector[BLOCK_SIZE];
                                     ^

Remark: The warnings can be suppressed with "-diag-suppress <warning-number>"

==8724== NVPROF is profiling process 8724, command: ./a.out
==8724== Profiling application: ./a.out
==8724== Profiling result:
            Type  Time(%)      Time     Calls       Avg       Min       Max  Name
 GPU activities:   59.10%  24.926ms       152  163.99us  1.3770us  1.2288ms  [CUDA memcpy HtoD]
                   39.75%  16.764ms       136  123.27us  55.999us  869.08us  MatrixVectorProduct(double*, double*, double*, int, int)
                    1.15%  485.95us       136  3.5730us  1.2800us  5.5360us  [CUDA memcpy DtoH]
      API calls:   50.74%  111.86ms       136  822.50us  1.5370us  110.76ms  cudaStreamCreate
                   14.57%  32.122ms        48  669.21us  219.06us  1.7664ms  cudaHostRegister
                   11.54%  25.432ms        32  794.75us  4.6980us  2.3874ms  cudaDeviceSynchronize
                    7.17%  15.800ms        48  329.16us  68.429us  1.1212ms  cudaHostUnregister
                    5.56%  12.246ms        48  255.12us  4.0820us  765.76us  cudaFree
                    5.05%  11.130ms       136  81.839us  4.0380us  10.075ms  cudaLaunchKernel
                    4.02%  8.8638ms        48  184.66us  4.1960us  420.87us  cudaMalloc
                    0.53%  1.1671ms       272  4.2900us  2.9260us  11.699us  cudaMemcpyAsync
                    0.25%  553.13us        16  34.570us  31.171us  45.569us  cudaMemcpy
                    0.24%  532.98us       114  4.6750us     119ns  254.54us  cuDeviceGetAttribute
                    0.19%  411.57us       136  3.0260us  1.6610us  18.058us  cudaStreamDestroy
                    0.06%  129.50us        32  4.0460us  2.4690us  10.256us  cudaEventRecord
                    0.04%  80.215us        32  2.5060us     479ns  10.738us  cudaEventCreate
                    0.02%  43.664us        16  2.7290us  2.3920us  5.1060us  cudaEventElapsedTime
                    0.02%  33.359us        32  1.0420us     387ns  2.8890us  cudaEventDestroy
                    0.01%  27.583us         1  27.583us  27.583us  27.583us  cuDeviceGetName
                    0.00%  5.6830us         1  5.6830us  5.6830us  5.6830us  cuDeviceGetPCIBusId
                    0.00%  1.9300us         3     643ns     165ns  1.5290us  cuDeviceGetCount
                    0.00%     680ns         2     340ns     158ns     522ns  cuDeviceGet
                    0.00%     388ns         1     388ns     388ns     388ns  cuDeviceTotalMem
                    0.00%     289ns         1     289ns     289ns     289ns  cuModuleGetLoadingMode
                    0.00%     215ns         1     215ns     215ns     215ns  cuDeviceGetUuid
