## SLURM PROLOG ###############################################################
##    Job ID : 12198114
##  Job Name : cuda.sh
##  Nodelist : gpu2008
##      CPUs : 1
##   Mem/CPU : 2800 MB
## Directory : /oscar/home/zhuan160/APMA2822B/hw4
##   Job Started : Tue Nov 28 18:43:34 EST 2023
###############################################################################
Tue Nov 28 18:43:35 2023       
+---------------------------------------------------------------------------------------+
| NVIDIA-SMI 535.54.03              Driver Version: 535.54.03    CUDA Version: 12.2     |
|-----------------------------------------+----------------------+----------------------+
| GPU  Name                 Persistence-M | Bus-Id        Disp.A | Volatile Uncorr. ECC |
| Fan  Temp   Perf          Pwr:Usage/Cap |         Memory-Usage | GPU-Util  Compute M. |
|                                         |                      |               MIG M. |
|=========================================+======================+======================|
|   0  Quadro RTX 6000                Off | 00000000:41:00.0 Off |                  Off |
| 34%   34C    P8              21W / 260W |     12MiB / 24576MiB |      0%      Default |
|                                         |                      |                  N/A |
+-----------------------------------------+----------------------+----------------------+
                                                                                         
+---------------------------------------------------------------------------------------+
| Processes:                                                                            |
|  GPU   GI   CI        PID   Type   Process name                            GPU Memory |
|        ID   ID                                                             Usage      |
|=======================================================================================|
|    0   N/A  N/A     22451      G   X                                             8MiB |
+---------------------------------------------------------------------------------------+
Program started.
M: 1	time: 177.546
sum: 37.3503
M: 2	time: 44.8327
sum: 91.2895
M: 3	time: 20.4443
sum: 57.6748
M: 4	time: 100.821
sum: 68.2799
M: 5	time: 40.6747
sum: 93.5673
M: 6	time: 25.1317
sum: 42.7961
M: 7	time: 11.3863
sum: 79.6639
M: 8	time: 12.2457
sum: 41.0379
M: 9	time: 79.9812
sum: 86.3152
M: 10	time: 28.0923
sum: 52.5559
M: 11	time: 36.8445
sum: 51.4444
M: 12	time: 35.2498
sum: 44.4118
M: 13	time: 28.7665
sum: 55.5714
M: 14	time: 87.8181
sum: 69.7533
M: 15	time: 74.4541
sum: 53.0535
M: 16	time: 47.8995
sum: 48.6527
Program ended.
Program started.
M: 1	time: 133.962
sum: 34.5235
